<?xml version="1.0" encoding="UTF-8"?>
<!-- Generated by org.testng.reporters.JUnitXMLReporter -->
<testsuite ignored="0" hostname="Thejuss-MacBook-Air.local" failures="0" tests="3" name="Test" time="111.478" errors="0" timestamp="2024-09-04T20:12:46 EDT">
  <testcase classname="com.testscenarios.Register" name="f" time="30.277"/>
  <testcase classname="com.testscenarios.GuestShop" name="f" time="35.491"/>
  <testcase classname="com.testscenarios.LoginTest" name="f" time="30.252"/>
</testsuite> <!-- Test -->
