<?xml version="1.0" encoding="UTF-8"?>
<testng-results ignored="0" total="1" passed="1" failed="0" skipped="0">
  <reporter-output>
  </reporter-output>
  <suite started-at="2024-09-05T19:27:14 EDT" name="Default suite" finished-at="2024-09-05T19:27:41 EDT" duration-ms="26576">
    <groups>
    </groups>
    <test started-at="2024-09-05T19:27:14 EDT" name="Default test" finished-at="2024-09-05T19:27:41 EDT" duration-ms="26576">
      <class name="com.testscenarios.UserLogin">
        <test-method is-config="true" signature="beforeClass()[pri:0, instance:com.testscenarios.UserLogin@1573f9fc]" started-at="2024-09-05T19:27:14 EDT" name="beforeClass" finished-at="2024-09-05T19:27:20 EDT" duration-ms="5148" status="PASS">
          <reporter-output>
          </reporter-output>
        </test-method> <!-- beforeClass -->
        <test-method signature="f()[pri:0, instance:com.testscenarios.UserLogin@1573f9fc]" started-at="2024-09-05T19:27:20 EDT" name="f" finished-at="2024-09-05T19:27:41 EDT" duration-ms="20947" status="PASS">
          <reporter-output>
          </reporter-output>
        </test-method> <!-- f -->
        <test-method is-config="true" signature="afterMethod()[pri:0, instance:com.testscenarios.UserLogin@1573f9fc]" started-at="2024-09-05T19:27:41 EDT" name="afterMethod" finished-at="2024-09-05T19:27:41 EDT" duration-ms="5" status="PASS">
          <reporter-output>
          </reporter-output>
        </test-method> <!-- afterMethod -->
        <test-method is-config="true" signature="afterClass()[pri:0, instance:com.testscenarios.UserLogin@1573f9fc]" started-at="2024-09-05T19:27:41 EDT" name="afterClass" finished-at="2024-09-05T19:27:41 EDT" duration-ms="388" status="PASS">
          <reporter-output>
          </reporter-output>
        </test-method> <!-- afterClass -->
      </class> <!-- com.testscenarios.UserLogin -->
    </test> <!-- Default test -->
  </suite> <!-- Default suite -->
</testng-results>
